CRITICAL - 2023-12-24 22:44:38 --> Config\App::$baseURL is invalid.
in SYSTEMPATH/HTTP/SiteURI.php on line 199.
 1 SYSTEMPATH/HTTP/SiteURI.php(145): CodeIgniter\HTTP\SiteURI->normalizeBaseURL(Object(Config\App))
 2 SYSTEMPATH/HTTP/SiteURI.php(100): CodeIgniter\HTTP\SiteURI->determineBaseURL(Object(Config\App), null, null)
 3 SYSTEMPATH/HTTP/SiteURIFactory.php(224): CodeIgniter\HTTP\SiteURI->__construct(Object(Config\App), '/', null)
 4 SYSTEMPATH/HTTP/SiteURIFactory.php(45): CodeIgniter\HTTP\SiteURIFactory->createURIFromRoutePath('/')
 5 SYSTEMPATH/Config/Services.php(799): CodeIgniter\HTTP\SiteURIFactory->createFromGlobals()
 6 SYSTEMPATH/Config/BaseService.php(258): CodeIgniter\Config\Services::uri(null, false)
 7 SYSTEMPATH/Config/BaseService.php(199): CodeIgniter\Config\BaseService::__callStatic('uri', [...])
 8 SYSTEMPATH/Config/Services.php(792): CodeIgniter\Config\BaseService::getSharedInstance('uri', null)
 9 SYSTEMPATH/Config/BaseService.php(258): CodeIgniter\Config\Services::uri()
10 SYSTEMPATH/Config/Services.php(566): CodeIgniter\Config\BaseService::__callStatic('uri', [])
11 SYSTEMPATH/Config/BaseService.php(258): CodeIgniter\Config\Services::incomingrequest(Object(Config\App), false)
12 SYSTEMPATH/Config/Services.php(524): CodeIgniter\Config\BaseService::__callStatic('incomingrequest', [...])
13 SYSTEMPATH/Config/BaseService.php(258): CodeIgniter\Config\Services::request(Object(Config\App), false)
14 SYSTEMPATH/Config/BaseService.php(199): CodeIgniter\Config\BaseService::__callStatic('request', [...])
15 SYSTEMPATH/Config/Services.php(559): CodeIgniter\Config\BaseService::getSharedInstance('request', Object(Config\App))
16 SYSTEMPATH/Config/BaseService.php(258): CodeIgniter\Config\Services::incomingrequest(Object(Config\App))
17 SYSTEMPATH/Config/Services.php(539): CodeIgniter\Config\BaseService::__callStatic('incomingrequest', [...])
18 SYSTEMPATH/Config/BaseService.php(258): CodeIgniter\Config\Services::createRequest(Object(Config\App))
19 SYSTEMPATH/CodeIgniter.php(655): CodeIgniter\Config\BaseService::__callStatic('createRequest', [...])
20 SYSTEMPATH/CodeIgniter.php(355): CodeIgniter\CodeIgniter->getRequestObject()
21 FCPATH/index.php(79): CodeIgniter\CodeIgniter->run()
CRITICAL - 2023-12-24 22:44:38 --> Uncaught CodeIgniter\Exceptions\ConfigException: Config\App::$baseURL is invalid. in /Applications/MAMP/htdocs/CodeIgniter/login/6/system/HTTP/SiteURI.php:199
Stack trace:
#0 /Applications/MAMP/htdocs/CodeIgniter/login/6/system/HTTP/SiteURI.php(145): CodeIgniter\HTTP\SiteURI->normalizeBaseURL(Object(Config\App))
#1 /Applications/MAMP/htdocs/CodeIgniter/login/6/system/HTTP/SiteURI.php(100): CodeIgniter\HTTP\SiteURI->determineBaseURL(Object(Config\App), NULL, NULL)
#2 /Applications/MAMP/htdocs/CodeIgniter/login/6/system/HTTP/SiteURIFactory.php(224): CodeIgniter\HTTP\SiteURI->__construct(Object(Config\App), '/', NULL)
#3 /Applications/MAMP/htdocs/CodeIgniter/login/6/system/HTTP/SiteURIFactory.php(45): CodeIgniter\HTTP\SiteURIFactory->createURIFromRoutePath('/')
#4 /Applications/MAMP/htdocs/CodeIgniter/login/6/system/Config/Services.php(799): CodeIgniter\HTTP\SiteURIFactory->createFromGlobals()
#5 /Applications/MAMP/htdocs/CodeIgniter/login/6/system/Config/BaseService.php(258): CodeIgniter\Config\Services::uri(NULL, false)
#6 /Applications/MAMP/htdocs/CodeIgniter/login/6/system/Config/BaseService.php(199): CodeIgniter\Config\BaseService::__callStatic('uri', Array)
#7 /Applications/MAMP/htdocs/CodeIgniter/login/6/system/Config/Services.php(792): CodeIgniter\Config\BaseService::getSharedInstance('uri', NULL)
#8 /Applications/MAMP/htdocs/CodeIgniter/login/6/system/Config/BaseService.php(258): CodeIgniter\Config\Services::uri()
#9 /Applications/MAMP/htdocs/CodeIgniter/login/6/system/Config/Services.php(566): CodeIgniter\Config\BaseService::__callStatic('uri', Array)
#10 /Applications/MAMP/htdocs/CodeIgniter/login/6/system/Config/BaseService.php(258): CodeIgniter\Config\Services::incomingrequest(Object(Config\App), false)
#11 /Applications/MAMP/htdocs/CodeIgniter/login/6/system/Config/Services.php(524): CodeIgniter\Config\BaseService::__callStatic('incomingrequest', Array)
#12 /Applications/MAMP/htdocs/CodeIgniter/login/6/system/Config/BaseService.php(258): CodeIgniter\Config\Services::request(NULL, false)
#13 /Applications/MAMP/htdocs/CodeIgniter/login/6/system/Config/BaseService.php(199): CodeIgniter\Config\BaseService::__callStatic('request', Array)
#14 /Applications/MAMP/htdocs/CodeIgniter/login/6/system/Config/Services.php(520): CodeIgniter\Config\BaseService::getSharedInstance('request', NULL)
#15 /Applications/MAMP/htdocs/CodeIgniter/login/6/system/Config/BaseService.php(258): CodeIgniter\Config\Services::request()
#16 /Applications/MAMP/htdocs/CodeIgniter/login/6/system/Debug/Exceptions.php(137): CodeIgniter\Config\BaseService::__callStatic('request', Array)
#17 [internal function]: CodeIgniter\Debug\Exceptions->exceptionHandler(Object(CodeIgniter\Exceptions\ConfigException))
#18 {main}
  thrown
【Previous Exception】
CodeIgniter\Exceptions\ConfigException
Config\App::$baseURL is invalid.
#0 /Applications/MAMP/htdocs/CodeIgniter/login/6/system/HTTP/SiteURI.php(145): CodeIgniter\HTTP\SiteURI->normalizeBaseURL(Object(Config\App))
#1 /Applications/MAMP/htdocs/CodeIgniter/login/6/system/HTTP/SiteURI.php(100): CodeIgniter\HTTP\SiteURI->determineBaseURL(Object(Config\App), NULL, NULL)
#2 /Applications/MAMP/htdocs/CodeIgniter/login/6/system/HTTP/SiteURIFactory.php(224): CodeIgniter\HTTP\SiteURI->__construct(Object(Config\App), '/', NULL)
#3 /Applications/MAMP/htdocs/CodeIgniter/login/6/system/HTTP/SiteURIFactory.php(45): CodeIgniter\HTTP\SiteURIFactory->createURIFromRoutePath('/')
#4 /Applications/MAMP/htdocs/CodeIgniter/login/6/system/Config/Services.php(799): CodeIgniter\HTTP\SiteURIFactory->createFromGlobals()
#5 /Applications/MAMP/htdocs/CodeIgniter/login/6/system/Config/BaseService.php(258): CodeIgniter\Config\Services::uri(NULL, false)
#6 /Applications/MAMP/htdocs/CodeIgniter/login/6/system/Config/BaseService.php(199): CodeIgniter\Config\BaseService::__callStatic('uri', Array)
#7 /Applications/MAMP/htdocs/CodeIgniter/login/6/system/Config/Services.php(792): CodeIgniter\Config\BaseService::getSharedInstance('uri', NULL)
#8 /Applications/MAMP/htdocs/CodeIgniter/login/6/system/Config/BaseService.php(258): CodeIgniter\Config\Services::uri()
#9 /Applications/MAMP/htdocs/CodeIgniter/login/6/system/Config/Services.php(566): CodeIgniter\Config\BaseService::__callStatic('uri', Array)
#10 /Applications/MAMP/htdocs/CodeIgniter/login/6/system/Config/BaseService.php(258): CodeIgniter\Config\Services::incomingrequest(Object(Config\App), false)
#11 /Applications/MAMP/htdocs/CodeIgniter/login/6/system/Config/Services.php(524): CodeIgniter\Config\BaseService::__callStatic('incomingrequest', Array)
#12 /Applications/MAMP/htdocs/CodeIgniter/login/6/system/Config/BaseService.php(258): CodeIgniter\Config\Services::request(Object(Config\App), false)
#13 /Applications/MAMP/htdocs/CodeIgniter/login/6/system/Config/BaseService.php(199): CodeIgniter\Config\BaseService::__callStatic('request', Array)
#14 /Applications/MAMP/htdocs/CodeIgniter/login/6/system/Config/Services.php(559): CodeIgniter\Config\BaseService::getSharedInstance('request', Object(Config\App))
#15 /Applications/MAMP/htdocs/CodeIgniter/login/6/system/Config/BaseService.php(258): CodeIgniter\Config\Services::incomingrequest(Object(Config\App))
#16 /Applications/MAMP/htdocs/CodeIgniter/login/6/system/Config/Services.php(539): CodeIgniter\Config\BaseService::__callStatic('incomingrequest', Array)
#17 /Applications/MAMP/htdocs/CodeIgniter/login/6/system/Config/BaseService.php(258): CodeIgniter\Config\Services::createRequest(Object(Config\App))
#18 /Applications/MAMP/htdocs/CodeIgniter/login/6/system/CodeIgniter.php(655): CodeIgniter\Config\BaseService::__callStatic('createRequest', Array)
#19 /Applications/MAMP/htdocs/CodeIgniter/login/6/system/CodeIgniter.php(355): CodeIgniter\CodeIgniter->getRequestObject()
#20 /Applications/MAMP/htdocs/CodeIgniter/login/6/public/index.php(79): CodeIgniter\CodeIgniter->run()
#21 {main}
in SYSTEMPATH/HTTP/SiteURI.php on line 199.
 1 [internal function]: CodeIgniter\Debug\Exceptions->shutdownHandler()
CRITICAL - 2023-12-24 23:01:50 --> Call to undefined function set_value()
in APPPATH/Views/Pages/Login.php on line 27.
 1 SYSTEMPATH/View/View.php(228): include()
 2 SYSTEMPATH/View/View.php(231): CodeIgniter\View\View->CodeIgniter\View\{closure}()
 3 APPPATH/Controllers/UserController.php(16): CodeIgniter\View\View->render('Pages/Login')
 4 SYSTEMPATH/CodeIgniter.php(942): App\Controllers\UserController->index()
 5 SYSTEMPATH/CodeIgniter.php(502): CodeIgniter\CodeIgniter->runController(Object(App\Controllers\UserController))
 6 SYSTEMPATH/CodeIgniter.php(361): CodeIgniter\CodeIgniter->handleRequest(null, Object(Config\Cache), false)
 7 FCPATH/index.php(79): CodeIgniter\CodeIgniter->run()
CRITICAL - 2023-12-24 23:37:15 --> Undefined variable $rules
in APPPATH/Controllers/UserController.php on line 73.
 1 APPPATH/Controllers/UserController.php(73): CodeIgniter\Debug\Exceptions->errorHandler(2, 'Undefined variable $rules', '/Applications/MAMP/htdocs/CodeIgniter/login/6/app/Controllers/UserController.php', 73)
 2 SYSTEMPATH/CodeIgniter.php(942): App\Controllers\UserController->register()
 3 SYSTEMPATH/CodeIgniter.php(502): CodeIgniter\CodeIgniter->runController(Object(App\Controllers\UserController))
 4 SYSTEMPATH/CodeIgniter.php(361): CodeIgniter\CodeIgniter->handleRequest(null, Object(Config\Cache), false)
 5 FCPATH/index.php(79): CodeIgniter\CodeIgniter->run()
CRITICAL - 2023-12-24 23:37:22 --> Undefined variable $rules
in APPPATH/Controllers/UserController.php on line 73.
 1 APPPATH/Controllers/UserController.php(73): CodeIgniter\Debug\Exceptions->errorHandler(2, 'Undefined variable $rules', '/Applications/MAMP/htdocs/CodeIgniter/login/6/app/Controllers/UserController.php', 73)
 2 SYSTEMPATH/CodeIgniter.php(942): App\Controllers\UserController->register()
 3 SYSTEMPATH/CodeIgniter.php(502): CodeIgniter\CodeIgniter->runController(Object(App\Controllers\UserController))
 4 SYSTEMPATH/CodeIgniter.php(361): CodeIgniter\CodeIgniter->handleRequest(null, Object(Config\Cache), false)
 5 FCPATH/index.php(79): CodeIgniter\CodeIgniter->run()
CRITICAL - 2023-12-24 23:37:24 --> Undefined variable $rules
in APPPATH/Controllers/UserController.php on line 73.
 1 APPPATH/Controllers/UserController.php(73): CodeIgniter\Debug\Exceptions->errorHandler(2, 'Undefined variable $rules', '/Applications/MAMP/htdocs/CodeIgniter/login/6/app/Controllers/UserController.php', 73)
 2 SYSTEMPATH/CodeIgniter.php(942): App\Controllers\UserController->register()
 3 SYSTEMPATH/CodeIgniter.php(502): CodeIgniter\CodeIgniter->runController(Object(App\Controllers\UserController))
 4 SYSTEMPATH/CodeIgniter.php(361): CodeIgniter\CodeIgniter->handleRequest(null, Object(Config\Cache), false)
 5 FCPATH/index.php(79): CodeIgniter\CodeIgniter->run()
CRITICAL - 2023-12-24 23:38:12 --> Undefined variable $rules
in APPPATH/Controllers/UserController.php on line 73.
 1 APPPATH/Controllers/UserController.php(73): CodeIgniter\Debug\Exceptions->errorHandler(2, 'Undefined variable $rules', '/Applications/MAMP/htdocs/CodeIgniter/login/6/app/Controllers/UserController.php', 73)
 2 SYSTEMPATH/CodeIgniter.php(942): App\Controllers\UserController->register()
 3 SYSTEMPATH/CodeIgniter.php(502): CodeIgniter\CodeIgniter->runController(Object(App\Controllers\UserController))
 4 SYSTEMPATH/CodeIgniter.php(361): CodeIgniter\CodeIgniter->handleRequest(null, Object(Config\Cache), false)
 5 FCPATH/index.php(79): CodeIgniter\CodeIgniter->run()
CRITICAL - 2023-12-24 23:38:28 --> Undefined variable $rules
in APPPATH/Controllers/UserController.php on line 73.
 1 APPPATH/Controllers/UserController.php(73): CodeIgniter\Debug\Exceptions->errorHandler(2, 'Undefined variable $rules', '/Applications/MAMP/htdocs/CodeIgniter/login/6/app/Controllers/UserController.php', 73)
 2 SYSTEMPATH/CodeIgniter.php(942): App\Controllers\UserController->register()
 3 SYSTEMPATH/CodeIgniter.php(502): CodeIgniter\CodeIgniter->runController(Object(App\Controllers\UserController))
 4 SYSTEMPATH/CodeIgniter.php(361): CodeIgniter\CodeIgniter->handleRequest(null, Object(Config\Cache), false)
 5 FCPATH/index.php(79): CodeIgniter\CodeIgniter->run()
CRITICAL - 2023-12-24 23:40:31 --> Allowed fields must be specified for model: "App\Models\UserModel"
in SYSTEMPATH/Model.php on line 736.
 1 SYSTEMPATH/Model.php(736): CodeIgniter\Database\Exceptions\DataException::forInvalidAllowedFields('App\\Models\\UserModel')
 2 SYSTEMPATH/BaseModel.php(763): CodeIgniter\Model->doProtectFieldsForInsert([...])
 3 SYSTEMPATH/Model.php(715): CodeIgniter\BaseModel->insert([...], false)
 4 SYSTEMPATH/BaseModel.php(698): CodeIgniter\Model->insert([...], false)
 5 APPPATH/Controllers/UserController.php(84): CodeIgniter\BaseModel->save([...])
 6 SYSTEMPATH/CodeIgniter.php(942): App\Controllers\UserController->register()
 7 SYSTEMPATH/CodeIgniter.php(502): CodeIgniter\CodeIgniter->runController(Object(App\Controllers\UserController))
 8 SYSTEMPATH/CodeIgniter.php(361): CodeIgniter\CodeIgniter->handleRequest(null, Object(Config\Cache), false)
 9 FCPATH/index.php(79): CodeIgniter\CodeIgniter->run()
INFO - 2023-12-24 23:41:16 --> Session: Class initialized using 'CodeIgniter\Session\Handlers\FileHandler' driver.
INFO - 2023-12-24 23:42:21 --> Session: Class initialized using 'CodeIgniter\Session\Handlers\FileHandler' driver.
